#
# There is insufficient memory for the Java Runtime Environment to continue.
# Native memory allocation (mmap) failed to map 31457280 bytes for G1 virtual space
# Possible reasons:
#   The system is out of physical RAM or swap space
#   The process is running with CompressedOops enabled, and the Java Heap may be blocking the growth of the native heap
# Possible solutions:
#   Reduce memory load on the system
#   Increase physical memory or swap space
#   Check if swap backing store is full
#   Decrease Java heap size (-Xmx/-Xms)
#   Decrease number of Java threads
#   Decrease Java thread stack sizes (-Xss)
#   Set larger code cache with -XX:ReservedCodeCacheSize=
#   JVM is running with Zero Based Compressed Oops mode in which the Java heap is
#     placed in the first 32GB address space. The Java Heap base address is the
#     maximum limit for the native heap growth. Please use -XX:HeapBaseMinAddress
#     to set the Java Heap base and to place the Java Heap above 32GB virtual address.
# This output file may be truncated or incomplete.
#
#  Out of Memory Error (os_windows.cpp:3600), pid=16180, tid=13448
#
# JRE version: Java(TM) SE Runtime Environment (21.0.2+13) (build 21.0.2+13-LTS-58)
# Java VM: Java HotSpot(TM) 64-Bit Server VM (21.0.2+13-LTS-58, mixed mode, emulated-client, sharing, tiered, compressed oops, compressed class ptrs, g1 gc, windows-amd64)
# No core dump will be written. Minidumps are not enabled by default on client versions of Windows
#

---------------  S U M M A R Y ------------

Command Line: -Dcom.sun.management.jmxremote -Dcom.sun.management.jmxremote.port=60792 -Dcom.sun.management.jmxremote.authenticate=false -Dcom.sun.management.jmxremote.ssl=false -Djava.rmi.server.hostname=localhost -Dspring.jmx.enabled=true -Dmanagement.endpoints.jmx.exposure.include=* -Dspring.application.admin.enabled=true -XX:TieredStopAtLevel=1 -Dspring.boot.project.name=job-portal -Dfile.encoding=UTF-8 -Dstdout.encoding=UTF-8 -Dstderr.encoding=UTF-8 -XX:+ShowCodeDetailsInExceptionMessages com.job_portal.JobPortalApplication --spring.output.ansi.enabled=always

Host: Intel(R) Core(TM) i5-10210U CPU @ 1.60GHz, 8 cores, 15G,  Windows 10 , 64 bit Build 19041 (10.0.19041.4957)
Time: Tue Nov  5 21:35:04 2024 SE Asia Standard Time elapsed time: 5634.557311 seconds (0d 1h 33m 54s)

---------------  T H R E A D  ---------------

Current thread (0x0000022ab7a65690):  VMThread "VM Thread"          [id=13448, stack(0x000000cb2f600000,0x000000cb2f700000) (1024K)]

Stack: [0x000000cb2f600000,0x000000cb2f700000]
Native frames: (J=compiled Java code, j=interpreted, Vv=VM code, C=native code)
V  [jvm.dll+0x6cade9]
V  [jvm.dll+0x8569c1]
V  [jvm.dll+0x858d2e]
V  [jvm.dll+0x859413]
V  [jvm.dll+0x280e56]
V  [jvm.dll+0x6c74d5]
V  [jvm.dll+0x6bbeca]
V  [jvm.dll+0x355bca]
V  [jvm.dll+0x35d816]
V  [jvm.dll+0x3ae67e]
V  [jvm.dll+0x3ae928]
V  [jvm.dll+0x3295dc]
V  [jvm.dll+0x329667]
V  [jvm.dll+0x36df1c]
V  [jvm.dll+0x36c71d]
V  [jvm.dll+0x328d51]
V  [jvm.dll+0x36be2a]
V  [jvm.dll+0x85ef18]
V  [jvm.dll+0x860014]
V  [jvm.dll+0x860550]
V  [jvm.dll+0x8607f3]
V  [jvm.dll+0x7ff568]
V  [jvm.dll+0x6c953d]
C  [ucrtbase.dll+0x21bb2]
C  [KERNEL32.DLL+0x17374]
C  [ntdll.dll+0x4cc91]

VM_Operation (0x000000cb328fe930): G1CollectForAllocation, mode: safepoint, requested by thread 0x0000022a80142dd0


---------------  P R O C E S S  ---------------

Threads class SMR info:
_java_thread_list=0x0000022a86031d00, length=37, elements={
0x0000022ab7a854f0, 0x0000022ab7a86bb0, 0x0000022ab7a8a810, 0x0000022ab7a8c3e0,
0x0000022ab7a8d9f0, 0x0000022ab7a8ebf0, 0x0000022ab7aa0f70, 0x0000022ab832dc90,
0x0000022ab8385a90, 0x0000022ab8a42640, 0x0000022ab8a50710, 0x0000022ab8a86180,
0x0000022afe525740, 0x0000022afe553130, 0x0000022afe5537c0, 0x0000022afe552aa0,
0x0000022afe552410, 0x0000022a8013ec30, 0x0000022a8013df10, 0x0000022a8013be40,
0x0000022a8013b7b0, 0x0000022a8013c4d0, 0x0000022a8013f2c0, 0x0000022a80141a20,
0x0000022a8013e5a0, 0x0000022a8013cb60, 0x0000022a8013f950, 0x0000022a801420b0,
0x0000022a80140670, 0x0000022a8013ffe0, 0x0000022a80142740, 0x0000022a8013d1f0,
0x0000022a8013d880, 0x0000022a80142dd0, 0x0000022a81a37a80, 0x0000022a81a35320,
0x0000022a81a31810
}

Java Threads: ( => current thread )
  0x0000022ab7a854f0 JavaThread "Reference Handler"          daemon [_thread_blocked, id=7672, stack(0x000000cb2f700000,0x000000cb2f800000) (1024K)]
  0x0000022ab7a86bb0 JavaThread "Finalizer"                  daemon [_thread_blocked, id=3980, stack(0x000000cb2f800000,0x000000cb2f900000) (1024K)]
  0x0000022ab7a8a810 JavaThread "Signal Dispatcher"          daemon [_thread_blocked, id=8844, stack(0x000000cb2f900000,0x000000cb2fa00000) (1024K)]
  0x0000022ab7a8c3e0 JavaThread "Attach Listener"            daemon [_thread_blocked, id=11792, stack(0x000000cb2fa00000,0x000000cb2fb00000) (1024K)]
  0x0000022ab7a8d9f0 JavaThread "Service Thread"             daemon [_thread_blocked, id=9312, stack(0x000000cb2fb00000,0x000000cb2fc00000) (1024K)]
  0x0000022ab7a8ebf0 JavaThread "Monitor Deflation Thread"   daemon [_thread_blocked, id=18484, stack(0x000000cb2fc00000,0x000000cb2fd00000) (1024K)]
  0x0000022ab7aa0f70 JavaThread "C1 CompilerThread0"         daemon [_thread_blocked, id=13368, stack(0x000000cb2fd00000,0x000000cb2fe00000) (1024K)]
  0x0000022ab832dc90 JavaThread "Common-Cleaner"             daemon [_thread_blocked, id=9616, stack(0x000000cb30000000,0x000000cb30100000) (1024K)]
  0x0000022ab8385a90 JavaThread "Notification Thread"        daemon [_thread_blocked, id=476, stack(0x000000cb30100000,0x000000cb30200000) (1024K)]
  0x0000022ab8a42640 JavaThread "RMI TCP Accept-0"           daemon [_thread_in_native, id=6864, stack(0x000000cb30300000,0x000000cb30400000) (1024K)]
  0x0000022ab8a50710 JavaThread "RMI TCP Accept-60792"       daemon [_thread_in_native, id=6372, stack(0x000000cb30400000,0x000000cb30500000) (1024K)]
  0x0000022ab8a86180 JavaThread "RMI TCP Accept-0"           daemon [_thread_in_native, id=11836, stack(0x000000cb30500000,0x000000cb30600000) (1024K)]
  0x0000022afe525740 JavaThread "RMI Scheduler(0)"           daemon [_thread_blocked, id=13252, stack(0x000000cb31000000,0x000000cb31100000) (1024K)]
  0x0000022afe553130 JavaThread "RMI TCP Connection(idle)"   daemon [_thread_blocked, id=10900, stack(0x000000cb31100000,0x000000cb31200000) (1024K)]
  0x0000022afe5537c0 JavaThread "JMX server connection timeout 38" daemon [_thread_blocked, id=1852, stack(0x000000cb31200000,0x000000cb31300000) (1024K)]
  0x0000022afe552aa0 JavaThread "Catalina-utility-1"                [_thread_blocked, id=16584, stack(0x000000cb31400000,0x000000cb31500000) (1024K)]
  0x0000022afe552410 JavaThread "Catalina-utility-2"                [_thread_blocked, id=16164, stack(0x000000cb31500000,0x000000cb31600000) (1024K)]
  0x0000022a8013ec30 JavaThread "container-0"                       [_thread_blocked, id=11664, stack(0x000000cb31600000,0x000000cb31700000) (1024K)]
  0x0000022a8013df10 JavaThread "mysql-cj-abandoned-connection-cleanup" daemon [_thread_blocked, id=5688, stack(0x000000cb31700000,0x000000cb31800000) (1024K)]
  0x0000022a8013be40 JavaThread "HikariPool-1 housekeeper"   daemon [_thread_blocked, id=6776, stack(0x000000cb31900000,0x000000cb31a00000) (1024K)]
  0x0000022a8013b7b0 JavaThread "File Watcher"               daemon [_thread_blocked, id=13640, stack(0x000000cb31b00000,0x000000cb31c00000) (1024K)]
  0x0000022a8013c4d0 JavaThread "Live Reload Server"         daemon [_thread_in_native, id=9952, stack(0x000000cb31d00000,0x000000cb31e00000) (1024K)]
  0x0000022a8013f2c0 JavaThread "http-nio-8080-exec-1"       daemon [_thread_blocked, id=9548, stack(0x000000cb31c00000,0x000000cb31d00000) (1024K)]
  0x0000022a80141a20 JavaThread "http-nio-8080-exec-2"       daemon [_thread_blocked, id=8524, stack(0x000000cb31e00000,0x000000cb31f00000) (1024K)]
  0x0000022a8013e5a0 JavaThread "http-nio-8080-exec-3"       daemon [_thread_blocked, id=17996, stack(0x000000cb31f00000,0x000000cb32000000) (1024K)]
  0x0000022a8013cb60 JavaThread "http-nio-8080-exec-4"       daemon [_thread_blocked, id=19448, stack(0x000000cb32000000,0x000000cb32100000) (1024K)]
  0x0000022a8013f950 JavaThread "http-nio-8080-exec-5"       daemon [_thread_blocked, id=6540, stack(0x000000cb32100000,0x000000cb32200000) (1024K)]
  0x0000022a801420b0 JavaThread "http-nio-8080-exec-6"       daemon [_thread_blocked, id=15048, stack(0x000000cb32200000,0x000000cb32300000) (1024K)]
  0x0000022a80140670 JavaThread "http-nio-8080-exec-7"       daemon [_thread_blocked, id=18572, stack(0x000000cb32300000,0x000000cb32400000) (1024K)]
  0x0000022a8013ffe0 JavaThread "http-nio-8080-exec-8"       daemon [_thread_blocked, id=12436, stack(0x000000cb32400000,0x000000cb32500000) (1024K)]
  0x0000022a80142740 JavaThread "http-nio-8080-exec-9"       daemon [_thread_blocked, id=7232, stack(0x000000cb32500000,0x000000cb32600000) (1024K)]
  0x0000022a8013d1f0 JavaThread "http-nio-8080-exec-10"      daemon [_thread_blocked, id=1196, stack(0x000000cb32600000,0x000000cb32700000) (1024K)]
  0x0000022a8013d880 JavaThread "http-nio-8080-Poller"       daemon [_thread_blocked, id=7316, stack(0x000000cb32700000,0x000000cb32800000) (1024K)]
  0x0000022a80142dd0 JavaThread "http-nio-8080-Acceptor"     daemon [_thread_blocked, id=13404, stack(0x000000cb32800000,0x000000cb32900000) (1024K)]
  0x0000022a81a37a80 JavaThread "scheduling-1"                      [_thread_blocked, id=1704, stack(0x000000cb32900000,0x000000cb32a00000) (1024K)]
  0x0000022a81a35320 JavaThread "DestroyJavaVM"                     [_thread_blocked, id=12824, stack(0x000000cb2ef00000,0x000000cb2f000000) (1024K)]
  0x0000022a81a31810 JavaThread "HikariPool-1 connection adder" daemon [_thread_blocked, id=19104, stack(0x000000cb2ed00000,0x000000cb2ee00000) (1024K)]
Total: 37

Other Threads:
=>0x0000022ab7a65690 VMThread "VM Thread"                           [id=13448, stack(0x000000cb2f600000,0x000000cb2f700000) (1024K)]
  0x0000022ab7a4c590 WatcherThread "VM Periodic Task Thread"        [id=14752, stack(0x000000cb2f500000,0x000000cb2f600000) (1024K)]
  0x0000022aa51c43f0 WorkerThread "GC Thread#0"                     [id=3948, stack(0x000000cb2f000000,0x000000cb2f100000) (1024K)]
  0x0000022ab8b2e420 WorkerThread "GC Thread#1"                     [id=18556, stack(0x000000cb30600000,0x000000cb30700000) (1024K)]
  0x0000022ab8b2e7c0 WorkerThread "GC Thread#2"                     [id=8872, stack(0x000000cb30700000,0x000000cb30800000) (1024K)]
  0x0000022ab8b46090 WorkerThread "GC Thread#3"                     [id=3496, stack(0x000000cb30800000,0x000000cb30900000) (1024K)]
  0x0000022ab8b46430 WorkerThread "GC Thread#4"                     [id=10392, stack(0x000000cb30900000,0x000000cb30a00000) (1024K)]
  0x0000022ab8b467d0 WorkerThread "GC Thread#5"                     [id=10892, stack(0x000000cb30a00000,0x000000cb30b00000) (1024K)]
  0x0000022ab8b63f60 WorkerThread "GC Thread#6"                     [id=8212, stack(0x000000cb30b00000,0x000000cb30c00000) (1024K)]
  0x0000022ab8b64710 WorkerThread "GC Thread#7"                     [id=11308, stack(0x000000cb30c00000,0x000000cb30d00000) (1024K)]
  0x0000022aa51d6980 ConcurrentGCThread "G1 Main Marker"            [id=17348, stack(0x000000cb2f100000,0x000000cb2f200000) (1024K)]
  0x0000022aa51d7390 WorkerThread "G1 Conc#0"                       [id=7848, stack(0x000000cb2f200000,0x000000cb2f300000) (1024K)]
  0x0000022afea36b20 WorkerThread "G1 Conc#1"                       [id=1212, stack(0x000000cb31300000,0x000000cb31400000) (1024K)]
  0x0000022aa521eba0 ConcurrentGCThread "G1 Refine#0"               [id=9004, stack(0x000000cb2f300000,0x000000cb2f400000) (1024K)]
  0x0000022ab79206c0 ConcurrentGCThread "G1 Service"                [id=3420, stack(0x000000cb2f400000,0x000000cb2f500000) (1024K)]
Total: 15

Threads with active compile tasks:
Total: 0

VM state: at safepoint (normal execution)

VM Mutex/Monitor currently owned by a thread:  ([mutex/lock_event])
[0x00007ffe4109cd68] Threads_lock - owner thread: 0x0000022ab7a65690
[0x00007ffe4109ce68] Heap_lock - owner thread: 0x0000022a80142dd0

Heap address: 0x0000000702c00000, size: 4052 MB, Compressed Oops mode: Zero based, Oop shift amount: 3

CDS archive(s) mapped at: [0x0000022ab9000000-0x0000022ab9c90000-0x0000022ab9c90000), size 13172736, SharedBaseAddress: 0x0000022ab9000000, ArchiveRelocationMode: 1.
Compressed class space mapped at: 0x0000022aba000000-0x0000022afa000000, reserved size: 1073741824
Narrow klass base: 0x0000022ab9000000, Narrow klass shift: 0, Narrow klass range: 0x100000000

GC Precious Log:
 CardTable entry size: 512
 Card Set container configuration: InlinePtr #cards 4 size 8 Array Of Cards #cards 16 size 48 Howl #buckets 8 coarsen threshold 3686 Howl Bitmap #cards 512 size 80 coarsen threshold 460 Card regions per heap region 1 cards per card region 4096
 CPUs: 8 total, 8 available
 Memory: 16204M
 Large Page Support: Disabled
 NUMA Support: Disabled
 Compressed Oops: Enabled (Zero based)
 Heap Region Size: 2M
 Heap Min Capacity: 8M
 Heap Initial Capacity: 254M
 Heap Max Capacity: 4052M
 Pre-touch: Disabled
 Parallel Workers: 8
 Concurrent Workers: 2
 Concurrent Refinement Workers: 8
 Periodic GC: Disabled

Heap:
 garbage-first heap   total 151552K, used 47649K [0x0000000702c00000, 0x0000000800000000)
  region size 2048K, 1 young (2048K), 1 survivors (2048K)
 Metaspace       used 83132K, committed 84224K, reserved 1179648K
  class space    used 12070K, committed 12544K, reserved 1048576K

Heap Regions: E=young(eden), S=young(survivor), O=old, HS=humongous(starts), HC=humongous(continues), CS=collection set, F=free, TAMS=top-at-mark-start, PB=parsable bottom
|   0|0x0000000702c00000, 0x0000000702e00000, 0x0000000702e00000|100%| O|  |TAMS 0x0000000702c00000| PB 0x0000000702c00000| Untracked 
|   1|0x0000000702e00000, 0x0000000703000000, 0x0000000703000000|100%| O|  |TAMS 0x0000000702e00000| PB 0x0000000702e00000| Untracked 
|   2|0x0000000703000000, 0x0000000703200000, 0x0000000703200000|100%| O|  |TAMS 0x0000000703000000| PB 0x0000000703000000| Untracked 
|   3|0x0000000703200000, 0x0000000703400000, 0x0000000703400000|100%| O|  |TAMS 0x0000000703200000| PB 0x0000000703200000| Untracked 
|   4|0x0000000703400000, 0x0000000703600000, 0x0000000703600000|100%| O|  |TAMS 0x0000000703400000| PB 0x0000000703400000| Untracked 
|   5|0x0000000703600000, 0x0000000703600000, 0x0000000703800000|  0%| F|  |TAMS 0x0000000703600000| PB 0x0000000703600000| Untracked 
|   6|0x0000000703800000, 0x0000000703a00000, 0x0000000703a00000|100%| O|  |TAMS 0x0000000703800000| PB 0x0000000703800000| Untracked 
|   7|0x0000000703a00000, 0x0000000703c00000, 0x0000000703c00000|100%| O|  |TAMS 0x0000000703a00000| PB 0x0000000703a00000| Untracked 
|   8|0x0000000703c00000, 0x0000000703e00000, 0x0000000703e00000|100%| O|  |TAMS 0x0000000703c00000| PB 0x0000000703c00000| Untracked 
|   9|0x0000000703e00000, 0x0000000704000000, 0x0000000704000000|100%| O|  |TAMS 0x0000000703e00000| PB 0x0000000703e00000| Untracked 
|  10|0x0000000704000000, 0x0000000704200000, 0x0000000704200000|100%| O|  |TAMS 0x0000000704000000| PB 0x0000000704000000| Untracked 
|  11|0x0000000704200000, 0x0000000704400000, 0x0000000704400000|100%| O|  |TAMS 0x0000000704200000| PB 0x0000000704200000| Untracked 
|  12|0x0000000704400000, 0x0000000704600000, 0x0000000704600000|100%| O|  |TAMS 0x0000000704400000| PB 0x0000000704400000| Untracked 
|  13|0x0000000704600000, 0x0000000704800000, 0x0000000704800000|100%| O|  |TAMS 0x0000000704600000| PB 0x0000000704600000| Untracked 
|  14|0x0000000704800000, 0x00000007048e6070, 0x0000000704a00000| 44%| O|  |TAMS 0x0000000704800000| PB 0x0000000704800000| Untracked 
|  15|0x0000000704a00000, 0x0000000704c00000, 0x0000000704c00000|100%| O|  |TAMS 0x0000000704a00000| PB 0x0000000704a00000| Untracked 
|  16|0x0000000704c00000, 0x0000000704c00000, 0x0000000704e00000|  0%| F|  |TAMS 0x0000000704c00000| PB 0x0000000704c00000| Untracked 
|  17|0x0000000704e00000, 0x0000000705000000, 0x0000000705000000|100%| O|  |TAMS 0x0000000704e00000| PB 0x0000000704e00000| Untracked 
|  18|0x0000000705000000, 0x0000000705200000, 0x0000000705200000|100%| O|  |TAMS 0x0000000705000000| PB 0x0000000705000000| Untracked 
|  19|0x0000000705200000, 0x0000000705400000, 0x0000000705400000|100%| O|  |TAMS 0x0000000705200000| PB 0x0000000705200000| Untracked 
|  20|0x0000000705400000, 0x0000000705600000, 0x0000000705600000|100%| O|  |TAMS 0x0000000705400000| PB 0x0000000705400000| Untracked 
|  21|0x0000000705600000, 0x0000000705800000, 0x0000000705800000|100%| O|  |TAMS 0x0000000705600000| PB 0x0000000705600000| Untracked 
|  22|0x0000000705800000, 0x0000000705a00000, 0x0000000705a00000|100%| O|  |TAMS 0x0000000705800000| PB 0x0000000705800000| Untracked 
|  23|0x0000000705a00000, 0x0000000705c00000, 0x0000000705c00000|100%| O|  |TAMS 0x0000000705a00000| PB 0x0000000705a00000| Untracked 
|  24|0x0000000705c00000, 0x0000000705c00000, 0x0000000705e00000|  0%| F|  |TAMS 0x0000000705c00000| PB 0x0000000705c00000| Untracked 
|  25|0x0000000705e00000, 0x0000000705e00000, 0x0000000706000000|  0%| F|  |TAMS 0x0000000705e00000| PB 0x0000000705e00000| Untracked 
|  26|0x0000000706000000, 0x0000000706000000, 0x0000000706200000|  0%| F|  |TAMS 0x0000000706000000| PB 0x0000000706000000| Untracked 
|  27|0x0000000706200000, 0x0000000706200000, 0x0000000706400000|  0%| F|  |TAMS 0x0000000706200000| PB 0x0000000706200000| Untracked 
|  28|0x0000000706400000, 0x0000000706400000, 0x0000000706600000|  0%| F|  |TAMS 0x0000000706400000| PB 0x0000000706400000| Untracked 
|  29|0x0000000706600000, 0x00000007067a2718, 0x0000000706800000| 81%| S|CS|TAMS 0x0000000706600000| PB 0x0000000706600000| Complete 
|  30|0x0000000706800000, 0x0000000706800000, 0x0000000706a00000|  0%| F|  |TAMS 0x0000000706800000| PB 0x0000000706800000| Untracked 
|  31|0x0000000706a00000, 0x0000000706a00000, 0x0000000706c00000|  0%| F|  |TAMS 0x0000000706a00000| PB 0x0000000706a00000| Untracked 
|  32|0x0000000706c00000, 0x0000000706c00000, 0x0000000706e00000|  0%| F|  |TAMS 0x0000000706c00000| PB 0x0000000706c00000| Untracked 
|  33|0x0000000706e00000, 0x0000000707000000, 0x0000000707000000|100%| O|  |TAMS 0x0000000706e00000| PB 0x0000000706e00000| Untracked 
|  34|0x0000000707000000, 0x0000000707000000, 0x0000000707200000|  0%| F|  |TAMS 0x0000000707000000| PB 0x0000000707000000| Untracked 
|  35|0x0000000707200000, 0x0000000707200000, 0x0000000707400000|  0%| F|  |TAMS 0x0000000707200000| PB 0x0000000707200000| Untracked 
|  36|0x0000000707400000, 0x0000000707400000, 0x0000000707600000|  0%| F|  |TAMS 0x0000000707400000| PB 0x0000000707400000| Untracked 
|  37|0x0000000707600000, 0x0000000707600000, 0x0000000707800000|  0%| F|  |TAMS 0x0000000707600000| PB 0x0000000707600000| Untracked 
|  38|0x0000000707800000, 0x0000000707800000, 0x0000000707a00000|  0%| F|  |TAMS 0x0000000707800000| PB 0x0000000707800000| Untracked 
|  39|0x0000000707a00000, 0x0000000707a00000, 0x0000000707c00000|  0%| F|  |TAMS 0x0000000707a00000| PB 0x0000000707a00000| Untracked 
|  40|0x0000000707c00000, 0x0000000707c00000, 0x0000000707e00000|  0%| F|  |TAMS 0x0000000707c00000| PB 0x0000000707c00000| Untracked 
|  41|0x0000000707e00000, 0x0000000707e00000, 0x0000000708000000|  0%| F|  |TAMS 0x0000000707e00000| PB 0x0000000707e00000| Untracked 
|  42|0x0000000708000000, 0x0000000708000000, 0x0000000708200000|  0%| F|  |TAMS 0x0000000708000000| PB 0x0000000708000000| Untracked 
|  43|0x0000000708200000, 0x0000000708200000, 0x0000000708400000|  0%| F|  |TAMS 0x0000000708200000| PB 0x0000000708200000| Untracked 
|  44|0x0000000708400000, 0x0000000708400000, 0x0000000708600000|  0%| F|  |TAMS 0x0000000708400000| PB 0x0000000708400000| Untracked 
|  45|0x0000000708600000, 0x0000000708600000, 0x0000000708800000|  0%| F|  |TAMS 0x0000000708600000| PB 0x0000000708600000| Untracked 
|  46|0x0000000708800000, 0x0000000708800000, 0x0000000708a00000|  0%| F|  |TAMS 0x0000000708800000| PB 0x0000000708800000| Untracked 
|  47|0x0000000708a00000, 0x0000000708a00000, 0x0000000708c00000|  0%| F|  |TAMS 0x0000000708a00000| PB 0x0000000708a00000| Untracked 
|  48|0x0000000708c00000, 0x0000000708c00000, 0x0000000708e00000|  0%| F|  |TAMS 0x0000000708c00000| PB 0x0000000708c00000| Untracked 
|  49|0x0000000708e00000, 0x0000000708e00000, 0x0000000709000000|  0%| F|  |TAMS 0x0000000708e00000| PB 0x0000000708e00000| Untracked 
|  50|0x0000000709000000, 0x0000000709000000, 0x0000000709200000|  0%| F|  |TAMS 0x0000000709000000| PB 0x0000000709000000| Untracked 
|  51|0x0000000709200000, 0x0000000709200000, 0x0000000709400000|  0%| F|  |TAMS 0x0000000709200000| PB 0x0000000709200000| Untracked 
|  52|0x0000000709400000, 0x0000000709400000, 0x0000000709600000|  0%| F|  |TAMS 0x0000000709400000| PB 0x0000000709400000| Untracked 
|  53|0x0000000709600000, 0x0000000709600000, 0x0000000709800000|  0%| F|  |TAMS 0x0000000709600000| PB 0x0000000709600000| Untracked 
|  54|0x0000000709800000, 0x0000000709800000, 0x0000000709a00000|  0%| F|  |TAMS 0x0000000709800000| PB 0x0000000709800000| Untracked 
|  55|0x0000000709a00000, 0x0000000709a00000, 0x0000000709c00000|  0%| F|  |TAMS 0x0000000709a00000| PB 0x0000000709a00000| Untracked 
|  56|0x0000000709c00000, 0x0000000709c00000, 0x0000000709e00000|  0%| F|  |TAMS 0x0000000709c00000| PB 0x0000000709c00000| Untracked 
|  57|0x0000000709e00000, 0x0000000709e00000, 0x000000070a000000|  0%| F|  |TAMS 0x0000000709e00000| PB 0x0000000709e00000| Untracked 
|  58|0x000000070a000000, 0x000000070a000000, 0x000000070a200000|  0%| F|  |TAMS 0x000000070a000000| PB 0x000000070a000000| Untracked 
|  59|0x000000070a200000, 0x000000070a200000, 0x000000070a400000|  0%| F|  |TAMS 0x000000070a200000| PB 0x000000070a200000| Untracked 
|  60|0x000000070a400000, 0x000000070a400000, 0x000000070a600000|  0%| F|  |TAMS 0x000000070a400000| PB 0x000000070a400000| Untracked 
|  61|0x000000070a600000, 0x000000070a600000, 0x000000070a800000|  0%| F|  |TAMS 0x000000070a600000| PB 0x000000070a600000| Untracked 
|  62|0x000000070a800000, 0x000000070a800000, 0x000000070aa00000|  0%| F|  |TAMS 0x000000070a800000| PB 0x000000070a800000| Untracked 
|  63|0x000000070aa00000, 0x000000070aa00000, 0x000000070ac00000|  0%| F|  |TAMS 0x000000070aa00000| PB 0x000000070aa00000| Untracked 
|  64|0x000000070ac00000, 0x000000070ac00000, 0x000000070ae00000|  0%| F|  |TAMS 0x000000070ac00000| PB 0x000000070ac00000| Untracked 
|  65|0x000000070ae00000, 0x000000070ae00000, 0x000000070b000000|  0%| F|  |TAMS 0x000000070ae00000| PB 0x000000070ae00000| Untracked 
|  66|0x000000070b000000, 0x000000070b000000, 0x000000070b200000|  0%| F|  |TAMS 0x000000070b000000| PB 0x000000070b000000| Untracked 
| 126|0x0000000712800000, 0x0000000712800000, 0x0000000712a00000|  0%| F|  |TAMS 0x0000000712800000| PB 0x0000000712800000| Untracked 
|2020|0x00000007ff400000, 0x00000007ff400000, 0x00000007ff600000|  0%| F|  |TAMS 0x00000007ff400000| PB 0x00000007ff400000| Untracked 
|2021|0x00000007ff600000, 0x00000007ff600000, 0x00000007ff800000|  0%| F|  |TAMS 0x00000007ff600000| PB 0x00000007ff600000| Untracked 
|2022|0x00000007ff800000, 0x00000007ff800000, 0x00000007ffa00000|  0%| F|  |TAMS 0x00000007ff800000| PB 0x00000007ff800000| Untracked 
|2023|0x00000007ffa00000, 0x00000007ffa00000, 0x00000007ffc00000|  0%| F|  |TAMS 0x00000007ffa00000| PB 0x00000007ffa00000| Untracked 
|2024|0x00000007ffc00000, 0x00000007ffc00000, 0x00000007ffe00000|  0%| F|  |TAMS 0x00000007ffc00000| PB 0x00000007ffc00000| Untracked 
|2025|0x00000007ffe00000, 0x00000007ffe00000, 0x0000000800000000|  0%| F|  |TAMS 0x00000007ffe00000| PB 0x00000007ffe00000| Untracked 

Card table byte_map: [0x0000022ab0ec0000,0x0000022ab16b0000] _byte_map_base: 0x0000022aad6aa000

Marking Bits: (CMBitMap*) 0x0000022aa51c4a00
 Bits: [0x0000022ab16b0000, 0x0000022ab5600000)

Polling page: 0x0000022aa30b0000

Metaspace:

Usage:
  Non-class:     69.40 MB used.
      Class:     11.79 MB used.
       Both:     81.18 MB used.

Virtual space:
  Non-class space:      128.00 MB reserved,      70.00 MB ( 55%) committed,  2 nodes.
      Class space:        1.00 GB reserved,      12.25 MB (  1%) committed,  1 nodes.
             Both:        1.12 GB reserved,      82.25 MB (  7%) committed. 

Chunk freelists:
   Non-Class:  9.78 MB
       Class:  3.83 MB
        Both:  13.61 MB

MaxMetaspaceSize: unlimited
CompressedClassSpaceSize: 1.00 GB
Initial GC threshold: 21.00 MB
Current GC threshold: 137.12 MB
CDS: on
 - commit_granule_bytes: 65536.
 - commit_granule_words: 8192.
 - virtual_space_node_default_size: 8388608.
 - enlarge_chunks_in_place: 1.
 - use_allocation_guard: 0.


Internal statistics:

num_allocs_failed_limit: 6.
num_arena_births: 1708.
num_arena_deaths: 478.
num_vsnodes_births: 3.
num_vsnodes_deaths: 0.
num_space_committed: 1316.
num_space_uncommitted: 0.
num_chunks_returned_to_freelist: 570.
num_chunks_taken_from_freelist: 4730.
num_chunk_merges: 160.
num_chunk_splits: 3309.
num_chunks_enlarged: 2499.
num_inconsistent_stats: 0.

CodeCache: size=49152Kb used=18973Kb max_used=21946Kb free=30179Kb
 bounds [0x0000022aad5c0000, 0x0000022aaeb40000, 0x0000022ab05c0000]
 total_blobs=10460 nmethods=9684 adapters=698
 compilation: enabled
              stopped_count=0, restarted_count=0
 full_count=0

Compilation events (20 events):
Event: 5633.045 Thread 0x0000022ab7aa0f70 15406       1       java.net.Inet6Address$Inet6AddressHolder::<init> (13 bytes)
Event: 5633.045 Thread 0x0000022a817769b0 15405       1       java.net.InetAddress$InetAddressHolder::init (21 bytes)
Event: 5633.045 Thread 0x0000022ab7aa0f70 nmethod 15406 0x0000022aada2f490 code [0x0000022aada2f620, 0x0000022aada2f7d8]
Event: 5633.045 Thread 0x0000022a817769b0 nmethod 15405 0x0000022aadb94a90 code [0x0000022aadb94c20, 0x0000022aadb94da8]
Event: 5633.444 Thread 0x0000022ab7aa0f70 15407       1       java.text.DateFormatSymbols::initializeData (341 bytes)
Event: 5633.444 Thread 0x0000022a817769b0 15408       1       java.text.DateFormatSymbols::getProviderInstance (37 bytes)
Event: 5633.445 Thread 0x0000022a817769b0 nmethod 15408 0x0000022aade07290 code [0x0000022aade07460, 0x0000022aade076c0]
Event: 5633.445 Thread 0x0000022a817769b0 15409       1       sun.util.locale.provider.DateFormatSymbolsProviderImpl::getInstance (21 bytes)
Event: 5633.445 Thread 0x0000022a817769b0 nmethod 15409 0x0000022aadd6ba10 code [0x0000022aadd6bbc0, 0x0000022aadd6bdc0]
Event: 5633.446 Thread 0x0000022ab7aa0f70 nmethod 15407 0x0000022aadf24590 code [0x0000022aadf249a0, 0x0000022aadf25ef0]
Event: 5633.800 Thread 0x0000022ab7aa0f70 15410       1       java.net.Inet6Address::<init> (25 bytes)
Event: 5633.800 Thread 0x0000022ab7aa0f70 nmethod 15410 0x0000022aadf63a10 code [0x0000022aadf63bc0, 0x0000022aadf63fb8]
Event: 5634.051 Thread 0x0000022ab7aa0f70 15411       1       java.util.concurrent.atomic.Striped64::advanceProbe (32 bytes)
Event: 5634.051 Thread 0x0000022ab7aa0f70 nmethod 15411 0x0000022aade50b10 code [0x0000022aade50ce0, 0x0000022aade50f88]
Event: 5634.209 Thread 0x0000022ab7aa0f70 15412   !   1       java.util.concurrent.atomic.Striped64::longAccumulate (449 bytes)
Event: 5634.212 Thread 0x0000022ab7aa0f70 nmethod 15412 0x0000022aadc8ce90 code [0x0000022aadc8d1a0, 0x0000022aadc8e798]
Event: 5634.455 Thread 0x0000022ab7aa0f70 15413       1       java.text.DateFormatSymbols::<init> (60 bytes)
Event: 5634.456 Thread 0x0000022ab7aa0f70 nmethod 15413 0x0000022aae5ef010 code [0x0000022aae5ef1c0, 0x0000022aae5ef470]
Event: 5634.456 Thread 0x0000022ab7aa0f70 15414   !   1       sun.util.locale.provider.JRELocaleProviderAdapter::getDateFormatSymbolsProvider (51 bytes)
Event: 5634.456 Thread 0x0000022ab7aa0f70 nmethod 15414 0x0000022aadfcf810 code [0x0000022aadfcf9e0, 0x0000022aadfcfd88]

GC Heap History (20 events):
Event: 4740.221 GC heap after
{Heap after GC invocations=40 (full 0):
 garbage-first heap   total 151552K, used 50760K [0x0000000702c00000, 0x0000000800000000)
  region size 2048K, 3 young (6144K), 3 survivors (6144K)
 Metaspace       used 82995K, committed 83904K, reserved 1179648K
  class space    used 12042K, committed 12480K, reserved 1048576K
}
Event: 5101.772 GC heap before
{Heap before GC invocations=40 (full 0):
 garbage-first heap   total 151552K, used 132680K [0x0000000702c00000, 0x0000000800000000)
  region size 2048K, 43 young (88064K), 3 survivors (6144K)
 Metaspace       used 83132K, committed 84032K, reserved 1179648K
  class space    used 12070K, committed 12480K, reserved 1048576K
}
Event: 5101.782 GC heap after
{Heap after GC invocations=41 (full 0):
 garbage-first heap   total 151552K, used 49821K [0x0000000702c00000, 0x0000000800000000)
  region size 2048K, 3 young (6144K), 3 survivors (6144K)
 Metaspace       used 83132K, committed 84032K, reserved 1179648K
  class space    used 12070K, committed 12480K, reserved 1048576K
}
Event: 5617.888 GC heap before
{Heap before GC invocations=41 (full 0):
 garbage-first heap   total 151552K, used 127645K [0x0000000702c00000, 0x0000000800000000)
  region size 2048K, 42 young (86016K), 3 survivors (6144K)
 Metaspace       used 83136K, committed 84032K, reserved 1179648K
  class space    used 12071K, committed 12480K, reserved 1048576K
}
Event: 5617.896 GC heap after
{Heap after GC invocations=42 (full 0):
 garbage-first heap   total 151552K, used 50210K [0x0000000702c00000, 0x0000000800000000)
  region size 2048K, 3 young (6144K), 3 survivors (6144K)
 Metaspace       used 83136K, committed 84032K, reserved 1179648K
  class space    used 12071K, committed 12480K, reserved 1048576K
}
Event: 5622.052 GC heap before
{Heap before GC invocations=43 (full 0):
 garbage-first heap   total 151552K, used 132130K [0x0000000702c00000, 0x0000000800000000)
  region size 2048K, 44 young (90112K), 3 survivors (6144K)
 Metaspace       used 83216K, committed 84160K, reserved 1179648K
  class space    used 12091K, committed 12544K, reserved 1048576K
}
Event: 5622.060 GC heap after
{Heap after GC invocations=44 (full 0):
 garbage-first heap   total 151552K, used 49551K [0x0000000702c00000, 0x0000000800000000)
  region size 2048K, 3 young (6144K), 3 survivors (6144K)
 Metaspace       used 83216K, committed 84160K, reserved 1179648K
  class space    used 12091K, committed 12544K, reserved 1048576K
}
Event: 5624.605 GC heap before
{Heap before GC invocations=44 (full 0):
 garbage-first heap   total 151552K, used 133519K [0x0000000702c00000, 0x0000000800000000)
  region size 2048K, 44 young (90112K), 3 survivors (6144K)
 Metaspace       used 83232K, committed 84224K, reserved 1179648K
  class space    used 12095K, committed 12544K, reserved 1048576K
}
Event: 5624.617 GC heap after
{Heap after GC invocations=45 (full 0):
 garbage-first heap   total 151552K, used 48784K [0x0000000702c00000, 0x0000000800000000)
  region size 2048K, 3 young (6144K), 3 survivors (6144K)
 Metaspace       used 83232K, committed 84224K, reserved 1179648K
  class space    used 12095K, committed 12544K, reserved 1048576K
}
Event: 5626.138 GC heap before
{Heap before GC invocations=45 (full 0):
 garbage-first heap   total 151552K, used 132752K [0x0000000702c00000, 0x0000000800000000)
  region size 2048K, 44 young (90112K), 3 survivors (6144K)
 Metaspace       used 83232K, committed 84224K, reserved 1179648K
  class space    used 12095K, committed 12544K, reserved 1048576K
}
Event: 5626.147 GC heap after
{Heap after GC invocations=46 (full 0):
 garbage-first heap   total 151552K, used 48880K [0x0000000702c00000, 0x0000000800000000)
  region size 2048K, 3 young (6144K), 3 survivors (6144K)
 Metaspace       used 83232K, committed 84224K, reserved 1179648K
  class space    used 12095K, committed 12544K, reserved 1048576K
}
Event: 5627.747 GC heap before
{Heap before GC invocations=47 (full 0):
 garbage-first heap   total 151552K, used 132848K [0x0000000702c00000, 0x0000000800000000)
  region size 2048K, 44 young (90112K), 3 survivors (6144K)
 Metaspace       used 83232K, committed 84224K, reserved 1179648K
  class space    used 12095K, committed 12544K, reserved 1048576K
}
Event: 5627.758 GC heap after
{Heap after GC invocations=48 (full 0):
 garbage-first heap   total 151552K, used 48949K [0x0000000702c00000, 0x0000000800000000)
  region size 2048K, 2 young (4096K), 2 survivors (4096K)
 Metaspace       used 83232K, committed 84224K, reserved 1179648K
  class space    used 12095K, committed 12544K, reserved 1048576K
}
Event: 5629.247 GC heap before
{Heap before GC invocations=48 (full 0):
 garbage-first heap   total 151552K, used 134965K [0x0000000702c00000, 0x0000000800000000)
  region size 2048K, 44 young (90112K), 2 survivors (4096K)
 Metaspace       used 83232K, committed 84224K, reserved 1179648K
  class space    used 12095K, committed 12544K, reserved 1048576K
}
Event: 5629.254 GC heap after
{Heap after GC invocations=49 (full 0):
 garbage-first heap   total 151552K, used 47742K [0x0000000702c00000, 0x0000000800000000)
  region size 2048K, 1 young (2048K), 1 survivors (2048K)
 Metaspace       used 83232K, committed 84224K, reserved 1179648K
  class space    used 12095K, committed 12544K, reserved 1048576K
}
Event: 5631.108 GC heap before
{Heap before GC invocations=49 (full 0):
 garbage-first heap   total 151552K, used 133758K [0x0000000702c00000, 0x0000000800000000)
  region size 2048K, 44 young (90112K), 1 survivors (2048K)
 Metaspace       used 83232K, committed 84224K, reserved 1179648K
  class space    used 12095K, committed 12544K, reserved 1048576K
}
Event: 5631.113 GC heap after
{Heap after GC invocations=50 (full 0):
 garbage-first heap   total 151552K, used 48290K [0x0000000702c00000, 0x0000000800000000)
  region size 2048K, 1 young (2048K), 1 survivors (2048K)
 Metaspace       used 83232K, committed 84224K, reserved 1179648K
  class space    used 12095K, committed 12544K, reserved 1048576K
}
Event: 5632.803 GC heap before
{Heap before GC invocations=51 (full 0):
 garbage-first heap   total 151552K, used 136354K [0x0000000702c00000, 0x0000000800000000)
  region size 2048K, 44 young (90112K), 1 survivors (2048K)
 Metaspace       used 83132K, committed 84224K, reserved 1179648K
  class space    used 12070K, committed 12544K, reserved 1048576K
}
Event: 5632.808 GC heap after
{Heap after GC invocations=52 (full 0):
 garbage-first heap   total 151552K, used 48144K [0x0000000702c00000, 0x0000000800000000)
  region size 2048K, 1 young (2048K), 1 survivors (2048K)
 Metaspace       used 83132K, committed 84224K, reserved 1179648K
  class space    used 12070K, committed 12544K, reserved 1048576K
}
Event: 5634.538 GC heap before
{Heap before GC invocations=52 (full 0):
 garbage-first heap   total 151552K, used 136208K [0x0000000702c00000, 0x0000000800000000)
  region size 2048K, 44 young (90112K), 1 survivors (2048K)
 Metaspace       used 83132K, committed 84224K, reserved 1179648K
  class space    used 12070K, committed 12544K, reserved 1048576K
}

Dll operation events (10 events):
Event: 0.035 Loaded shared library C:\Program Files\Java\jdk-21\bin\java.dll
Event: 0.217 Loaded shared library C:\Program Files\Java\jdk-21\bin\jimage.dll
Event: 0.223 Loaded shared library C:\Program Files\Java\jdk-21\bin\net.dll
Event: 0.225 Loaded shared library C:\Program Files\Java\jdk-21\bin\nio.dll
Event: 0.230 Loaded shared library C:\Program Files\Java\jdk-21\bin\zip.dll
Event: 0.288 Loaded shared library C:\Program Files\Java\jdk-21\bin\management.dll
Event: 0.311 Loaded shared library C:\Program Files\Java\jdk-21\bin\management_ext.dll
Event: 0.578 Loaded shared library C:\Program Files\Java\jdk-21\bin\extnet.dll
Event: 1.587 Loaded shared library C:\Program Files\Java\jdk-21\bin\sunmscapi.dll
Event: 3.472 Loaded shared library C:\Program Files\Java\jdk-21\bin\verify.dll

Deoptimization events (8 events):
Event: 2.669 Thread 0x0000022ab8dd03f0 DEOPT PACKING pc=0x0000022aaddf6614 sp=0x000000cb30efd190
Event: 2.669 Thread 0x0000022ab8dd03f0 DEOPT UNPACKING pc=0x0000022aad614e42 sp=0x000000cb30efc648 mode 0
Event: 5.449 Thread 0x0000022ab8dd03f0 DEOPT PACKING pc=0x0000022aae293194 sp=0x000000cb30efd430
Event: 5.449 Thread 0x0000022ab8dd03f0 DEOPT UNPACKING pc=0x0000022aad614e42 sp=0x000000cb30efc9b8 mode 0
Event: 5.959 Thread 0x0000022ab8dd03f0 DEOPT PACKING pc=0x0000022aadc42e81 sp=0x000000cb30efc130
Event: 5.959 Thread 0x0000022ab8dd03f0 DEOPT UNPACKING pc=0x0000022aad614e42 sp=0x000000cb30efb638 mode 3
Event: 6.047 Thread 0x0000022ab8dd03f0 DEOPT PACKING pc=0x0000022aadc373c4 sp=0x000000cb30efc5d0
Event: 6.047 Thread 0x0000022ab8dd03f0 DEOPT UNPACKING pc=0x0000022aad614e42 sp=0x000000cb30efbb28 mode 0

Classes loaded (20 events):
Event: 3530.450 Loading class jdk/internal/loader/BootLoader$PackageHelper
Event: 3530.465 Loading class jdk/internal/loader/BootLoader$PackageHelper done
Event: 3867.291 Loading class java/util/stream/ReferencePipeline$4
Event: 3867.291 Loading class java/util/stream/ReferencePipeline$4 done
Event: 3867.291 Loading class java/util/function/IntBinaryOperator
Event: 3867.291 Loading class java/util/function/IntBinaryOperator done
Event: 3867.291 Loading class java/util/stream/ReduceOps$7
Event: 3867.292 Loading class java/util/stream/ReduceOps$7 done
Event: 3867.292 Loading class java/util/stream/ReduceOps$6ReducingSink
Event: 3867.292 Loading class java/util/stream/ReduceOps$6ReducingSink done
Event: 3867.292 Loading class java/util/stream/ReferencePipeline$4$1
Event: 3867.292 Loading class java/util/stream/ReferencePipeline$4$1 done
Event: 3867.298 Loading class java/io/PrintWriter$1
Event: 3867.298 Loading class jdk/internal/access/JavaIOPrintWriterAccess
Event: 3867.299 Loading class jdk/internal/access/JavaIOPrintWriterAccess done
Event: 3867.299 Loading class java/io/PrintWriter$1 done
Event: 3867.299 Loading class java/lang/Throwable$WrappedPrintWriter
Event: 3867.299 Loading class java/lang/Throwable$WrappedPrintWriter done
Event: 3900.176 Loading class java/util/ArrayList$SubList$2
Event: 3900.177 Loading class java/util/ArrayList$SubList$2 done

Classes unloaded (20 events):
Event: 5631.162 Thread 0x0000022ab7a65690 Unloading class 0x0000022abab4dc00 'java/lang/invoke/LambdaForm$MH+0x0000022abab4dc00'
Event: 5631.162 Thread 0x0000022ab7a65690 Unloading class 0x0000022abab4d800 'java/lang/invoke/LambdaForm$MH+0x0000022abab4d800'
Event: 5631.162 Thread 0x0000022ab7a65690 Unloading class 0x0000022abab4d400 'java/lang/invoke/LambdaForm$MH+0x0000022abab4d400'
Event: 5631.162 Thread 0x0000022ab7a65690 Unloading class 0x0000022abab4d000 'java/lang/invoke/LambdaForm$MH+0x0000022abab4d000'
Event: 5631.162 Thread 0x0000022ab7a65690 Unloading class 0x0000022abab4cc00 'java/lang/invoke/LambdaForm$MH+0x0000022abab4cc00'
Event: 5631.162 Thread 0x0000022ab7a65690 Unloading class 0x0000022abab4c800 'java/lang/invoke/LambdaForm$MH+0x0000022abab4c800'
Event: 5631.162 Thread 0x0000022ab7a65690 Unloading class 0x0000022abab4c400 'java/lang/invoke/LambdaForm$MH+0x0000022abab4c400'
Event: 5631.162 Thread 0x0000022ab7a65690 Unloading class 0x0000022abab4c000 'java/lang/invoke/LambdaForm$MH+0x0000022abab4c000'
Event: 5631.162 Thread 0x0000022ab7a65690 Unloading class 0x0000022abab4bc00 'java/lang/invoke/LambdaForm$MH+0x0000022abab4bc00'
Event: 5631.162 Thread 0x0000022ab7a65690 Unloading class 0x0000022abab4b800 'java/lang/invoke/LambdaForm$MH+0x0000022abab4b800'
Event: 5631.162 Thread 0x0000022ab7a65690 Unloading class 0x0000022abab4b400 'java/lang/invoke/LambdaForm$MH+0x0000022abab4b400'
Event: 5631.162 Thread 0x0000022ab7a65690 Unloading class 0x0000022abab4b000 'java/lang/invoke/LambdaForm$MH+0x0000022abab4b000'
Event: 5631.162 Thread 0x0000022ab7a65690 Unloading class 0x0000022abab4ac00 'java/lang/invoke/LambdaForm$MH+0x0000022abab4ac00'
Event: 5631.162 Thread 0x0000022ab7a65690 Unloading class 0x0000022abab4a800 'java/lang/invoke/LambdaForm$DMH+0x0000022abab4a800'
Event: 5631.162 Thread 0x0000022ab7a65690 Unloading class 0x0000022abab4a400 'java/lang/invoke/LambdaForm$DMH+0x0000022abab4a400'
Event: 5631.162 Thread 0x0000022ab7a65690 Unloading class 0x0000022abab49c00 'jdk/internal/reflect/GeneratedSerializationConstructorAccessor21'
Event: 5631.162 Thread 0x0000022ab7a65690 Unloading class 0x0000022abab49800 'jdk/internal/reflect/GeneratedSerializationConstructorAccessor19'
Event: 5631.162 Thread 0x0000022ab7a65690 Unloading class 0x0000022abab49400 'jdk/internal/reflect/GeneratedSerializationConstructorAccessor20'
Event: 5631.162 Thread 0x0000022ab7a65690 Unloading class 0x0000022abab49000 'jdk/internal/reflect/GeneratedSerializationConstructorAccessor18'
Event: 5631.162 Thread 0x0000022ab7a65690 Unloading class 0x0000022abab48800 'java/lang/invoke/LambdaForm$MH+0x0000022abab48800'

Classes redefined (0 events):
No events

Internal exceptions (20 events):
Event: 136.684 Thread 0x0000022a8013f950 Exception <a 'java/lang/NoSuchMethodError'{0x000000070a2897b8}: 'java.lang.Object java.lang.invoke.DirectMethodHandle$Holder.invokeSpecial(java.lang.Object, java.lang.Object, int, java.lang.Object, long)'> (0x000000070a2897b8) 
thrown [s\open\src\hotspot\share\interpreter\linkResolver.cpp, line 773]
Event: 136.684 Thread 0x0000022a8013f950 Exception <a 'java/lang/NoSuchMethodError'{0x000000070a28dbd8}: 'java.lang.Object java.lang.invoke.DelegatingMethodHandle$Holder.reinvoke_L(java.lang.Object, int, java.lang.Object, long)'> (0x000000070a28dbd8) 
thrown [s\open\src\hotspot\share\interpreter\linkResolver.cpp, line 773]
Event: 136.690 Thread 0x0000022a8013f950 Exception <a 'java/lang/NoSuchMethodError'{0x000000070a323c50}: 'long java.lang.invoke.DelegatingMethodHandle$Holder.reinvoke_L(java.lang.Object, java.lang.Object)'> (0x000000070a323c50) 
thrown [s\open\src\hotspot\share\interpreter\linkResolver.cpp, line 773]
Event: 136.740 Thread 0x0000022a80140670 Exception <a 'java/lang/NoSuchMethodError'{0x000000070a0e4950}: method resolution failed> (0x000000070a0e4950) 
thrown [s\open\src\hotspot\share\prims\methodHandles.cpp, line 1144]
Event: 142.834 Thread 0x0000022a80141a20 Exception <a 'java/lang/NoSuchMethodError'{0x0000000709abb038}: 'java.lang.Object java.lang.invoke.DirectMethodHandle$Holder.invokeVirtual(java.lang.Object, java.lang.Object, java.lang.Object, int, int)'> (0x0000000709abb038) 
thrown [s\open\src\hotspot\share\interpreter\linkResolver.cpp, line 773]
Event: 142.834 Thread 0x0000022a80141a20 Exception <a 'java/lang/NoSuchMethodError'{0x0000000709ac2b58}: 'java.lang.Object java.lang.invoke.DelegatingMethodHandle$Holder.reinvoke_L(java.lang.Object, java.lang.Object, java.lang.Object, int, int)'> (0x0000000709ac2b58) 
thrown [s\open\src\hotspot\share\interpreter\linkResolver.cpp, line 773]
Event: 142.851 Thread 0x0000022a80141a20 Exception <a 'java/lang/NoSuchMethodError'{0x0000000709b49ba0}: 'java.lang.Object java.lang.invoke.DirectMethodHandle$Holder.invokeInterface(java.lang.Object, java.lang.Object, java.lang.Object, java.lang.Object)'> (0x0000000709b49ba0) 
thrown [s\open\src\hotspot\share\interpreter\linkResolver.cpp, line 773]
Event: 680.493 Thread 0x0000022a80140670 Exception <a 'java/lang/IncompatibleClassChangeError'{0x00000007ffb9ed50}: Found class java.lang.Object, but interface was expected> (0x00000007ffb9ed50) 
thrown [s\open\src\hotspot\share\interpreter\linkResolver.cpp, line 840]
Event: 908.518 Thread 0x0000022afe553130 Exception <a 'java/lang/NoSuchMethodError'{0x0000000709756a00}: static [B.<clinit>()V> (0x0000000709756a00) 
thrown [s\open\src\hotspot\share\prims\jni.cpp, line 1106]
Event: 1762.808 Thread 0x0000022a81a31810 Exception <a 'java/io/IOException'{0x0000000709de7c60}> (0x0000000709de7c60) 
thrown [s\open\src\hotspot\share\prims\jni.cpp, line 520]
Event: 1762.810 Thread 0x0000022a81a31810 Exception <a 'java/io/IOException'{0x0000000709de9060}> (0x0000000709de9060) 
thrown [s\open\src\hotspot\share\prims\jni.cpp, line 520]
Event: 1775.329 Thread 0x0000022a81a359b0 Exception <a 'java/io/IOException'{0x00000007098f2538}> (0x00000007098f2538) 
thrown [s\open\src\hotspot\share\prims\jni.cpp, line 520]
Event: 1792.195 Thread 0x0000022a81a31810 Exception <a 'java/io/IOException'{0x00000007096f4b40}> (0x00000007096f4b40) 
thrown [s\open\src\hotspot\share\prims\jni.cpp, line 520]
Event: 3528.730 Thread 0x0000022a81a31ea0 Exception <a 'java/net/SocketException'{0x0000000707601400}: Connection reset by peer: shutdown> (0x0000000707601400) 
thrown [s\open\src\hotspot\share\prims\jni.cpp, line 539]
Event: 3530.370 Thread 0x0000022a81a37a80 Exception <a 'java/lang/ClassCastException'{0x0000000707741bc0}: class io.jsonwebtoken.impl.DefaultJwtBuilder cannot be cast to class io.jsonwebtoken.JwtParserBuilder (io.jsonwebtoken.impl.DefaultJwtBuilder and io.jsonwebtoken.JwtParserBuilder are in unnamed module of loader 'app')> (0x0000000707741bc0) 
thrown [s\open\src\hotspot\share\interpreter\interpreterRuntime.cpp, line 455]
Event: 3558.745 Thread 0x0000022a81a366d0 Exception <a 'java/io/IOException'{0x0000000706c01450}> (0x0000000706c01450) 
thrown [s\open\src\hotspot\share\prims\jni.cpp, line 520]
Event: 3559.492 Thread 0x0000022a81a366d0 Exception <a 'java/io/IOException'{0x0000000706c03710}> (0x0000000706c03710) 
thrown [s\open\src\hotspot\share\prims\jni.cpp, line 520]
Event: 3559.493 Thread 0x0000022a81a366d0 Exception <a 'java/io/IOException'{0x0000000706c04478}> (0x0000000706c04478) 
thrown [s\open\src\hotspot\share\prims\jni.cpp, line 520]
Event: 3900.176 Thread 0x0000022a801420b0 Exception <a 'java/lang/NoSuchMethodError'{0x000000070902cca0}: 'java.lang.Object java.lang.invoke.DirectMethodHandle$Holder.invokeStatic(java.lang.Object, int, int)'> (0x000000070902cca0) 
thrown [s\open\src\hotspot\share\interpreter\linkResolver.cpp, line 773]
Event: 5342.514 Thread 0x0000022a81a359b0 Exception <a 'sun/net/ConnectionResetException'{0x0000000709e08940}: Connection reset> (0x0000000709e08940) 
thrown [s\open\src\hotspot\share\prims\jni.cpp, line 539]

ZGC Phase Switch (0 events):
No events

VM Operations (20 events):
Event: 5626.147 Executing VM operation: G1CollectForAllocation (G1 Evacuation Pause) done
Event: 5626.196 Executing VM operation: G1PauseRemark
Event: 5626.203 Executing VM operation: G1PauseRemark done
Event: 5626.228 Executing VM operation: G1PauseCleanup
Event: 5626.228 Executing VM operation: G1PauseCleanup done
Event: 5627.746 Executing VM operation: G1CollectForAllocation (G1 Evacuation Pause)
Event: 5627.758 Executing VM operation: G1CollectForAllocation (G1 Evacuation Pause) done
Event: 5629.246 Executing VM operation: G1CollectForAllocation (G1 Evacuation Pause)
Event: 5629.254 Executing VM operation: G1CollectForAllocation (G1 Evacuation Pause) done
Event: 5630.265 Executing VM operation: Cleanup
Event: 5630.265 Executing VM operation: Cleanup done
Event: 5631.108 Executing VM operation: G1CollectForAllocation (G1 Evacuation Pause)
Event: 5631.113 Executing VM operation: G1CollectForAllocation (G1 Evacuation Pause) done
Event: 5631.162 Executing VM operation: G1PauseRemark
Event: 5631.269 Executing VM operation: G1PauseRemark done
Event: 5631.299 Executing VM operation: G1PauseCleanup
Event: 5631.299 Executing VM operation: G1PauseCleanup done
Event: 5632.803 Executing VM operation: G1CollectForAllocation (G1 Evacuation Pause)
Event: 5632.808 Executing VM operation: G1CollectForAllocation (G1 Evacuation Pause) done
Event: 5634.538 Executing VM operation: G1CollectForAllocation (G1 Evacuation Pause)

Events (20 events):
Event: 5626.203 Thread 0x0000022ab7a65690 flushing nmethod 0x0000022aad701590
Event: 5626.203 Thread 0x0000022ab7a65690 flushing nmethod 0x0000022aad701290
Event: 5626.203 Thread 0x0000022ab7a65690 flushing nmethod 0x0000022aad6dab10
Event: 5626.203 Thread 0x0000022ab7a65690 flushing nmethod 0x0000022aad6d1f10
Event: 5626.203 Thread 0x0000022ab7a65690 flushing nmethod 0x0000022aad6d1c10
Event: 5626.203 Thread 0x0000022ab7a65690 flushing nmethod 0x0000022aad6cf890
Event: 5626.203 Thread 0x0000022ab7a65690 flushing nmethod 0x0000022aad6d4210
Event: 5626.203 Thread 0x0000022ab7a65690 flushing nmethod 0x0000022aad6f7310
Event: 5626.203 Thread 0x0000022ab7a65690 flushing nmethod 0x0000022aad6f7010
Event: 5626.203 Thread 0x0000022ab7a65690 flushing nmethod 0x0000022aad6dca90
Event: 5626.836 Thread 0x0000022a817769b0 Thread added: 0x0000022a817769b0
Event: 5626.836 Thread 0x0000022a81be4040 Thread added: 0x0000022a81be4040
Event: 5626.838 Thread 0x0000022a819d4970 Thread added: 0x0000022a819d4970
Event: 5627.700 Thread 0x0000022a819d4970 Thread exited: 0x0000022a819d4970
Event: 5628.336 Thread 0x0000022a81be4040 Thread exited: 0x0000022a81be4040
Event: 5629.124 Thread 0x0000022a81be4040 Thread added: 0x0000022a81be4040
Event: 5629.124 Thread 0x0000022a819d4970 Thread added: 0x0000022a819d4970
Event: 5631.319 Thread 0x0000022a81be4040 Thread exited: 0x0000022a81be4040
Event: 5631.319 Thread 0x0000022a819d4970 Thread exited: 0x0000022a819d4970
Event: 5634.051 Thread 0x0000022a817769b0 Thread exited: 0x0000022a817769b0


Dynamic libraries:
0x00007ff63bb10000 - 0x00007ff63bb20000 	C:\Program Files\Java\jdk-21\bin\javaw.exe
0x00007ffec8af0000 - 0x00007ffec8ce8000 	C:\Windows\SYSTEM32\ntdll.dll
0x00007ffec7730000 - 0x00007ffec77f2000 	C:\Windows\System32\KERNEL32.DLL
0x00007ffec6410000 - 0x00007ffec670e000 	C:\Windows\System32\KERNELBASE.dll
0x00007ffec61c0000 - 0x00007ffec62c0000 	C:\Windows\System32\ucrtbase.dll
0x00007ffec09c0000 - 0x00007ffec09db000 	C:\Program Files\Java\jdk-21\bin\VCRUNTIME140.dll
0x00007ffec09a0000 - 0x00007ffec09b9000 	C:\Program Files\Java\jdk-21\bin\jli.dll
0x00007ffec78b0000 - 0x00007ffec7962000 	C:\Windows\System32\ADVAPI32.dll
0x00007ffec7690000 - 0x00007ffec772e000 	C:\Windows\System32\msvcrt.dll
0x00007ffec7970000 - 0x00007ffec7a10000 	C:\Windows\System32\sechost.dll
0x00007ffec6b40000 - 0x00007ffec6c63000 	C:\Windows\System32\RPCRT4.dll
0x00007ffec6880000 - 0x00007ffec68a7000 	C:\Windows\System32\bcrypt.dll
0x00007ffec7a10000 - 0x00007ffec7bad000 	C:\Windows\System32\USER32.dll
0x00007ffec6190000 - 0x00007ffec61b2000 	C:\Windows\System32\win32u.dll
0x00007ffead0e0000 - 0x00007ffead37a000 	C:\Windows\WinSxS\amd64_microsoft.windows.common-controls_6595b64144ccf1df_6.0.19041.4355_none_60b8b9eb71f62e16\COMCTL32.dll
0x00007ffec6b10000 - 0x00007ffec6b3b000 	C:\Windows\System32\GDI32.dll
0x00007ffec6710000 - 0x00007ffec6827000 	C:\Windows\System32\gdi32full.dll
0x00007ffec62c0000 - 0x00007ffec635d000 	C:\Windows\System32\msvcp_win.dll
0x00007ffec0b70000 - 0x00007ffec0b7a000 	C:\Windows\SYSTEM32\VERSION.dll
0x00007ffec6c70000 - 0x00007ffec6c9f000 	C:\Windows\System32\IMM32.DLL
0x00007ffec0970000 - 0x00007ffec097c000 	C:\Program Files\Java\jdk-21\bin\vcruntime140_1.dll
0x00007ffe5e810000 - 0x00007ffe5e89e000 	C:\Program Files\Java\jdk-21\bin\msvcp140.dll
0x00007ffe40460000 - 0x00007ffe41177000 	C:\Program Files\Java\jdk-21\bin\server\jvm.dll
0x00007ffec8440000 - 0x00007ffec84ab000 	C:\Windows\System32\WS2_32.dll
0x00007ffec5f40000 - 0x00007ffec5f8b000 	C:\Windows\SYSTEM32\POWRPROF.dll
0x00007ffeb65d0000 - 0x00007ffeb65f7000 	C:\Windows\SYSTEM32\WINMM.dll
0x00007ffec5f20000 - 0x00007ffec5f32000 	C:\Windows\SYSTEM32\UMPDC.dll
0x00007ffec4010000 - 0x00007ffec4022000 	C:\Windows\SYSTEM32\kernel.appcore.dll
0x00007ffebe8c0000 - 0x00007ffebe8ca000 	C:\Program Files\Java\jdk-21\bin\jimage.dll
0x00007ffebdf40000 - 0x00007ffebe124000 	C:\Windows\SYSTEM32\DBGHELP.DLL
0x00007ffebe600000 - 0x00007ffebe634000 	C:\Windows\SYSTEM32\dbgcore.DLL
0x00007ffec6a10000 - 0x00007ffec6a92000 	C:\Windows\System32\bcryptPrimitives.dll
0x00007ffeb22c0000 - 0x00007ffeb22df000 	C:\Program Files\Java\jdk-21\bin\java.dll
0x00007ffec7cd0000 - 0x00007ffec843f000 	C:\Windows\System32\SHELL32.dll
0x00007ffec4210000 - 0x00007ffec49b4000 	C:\Windows\SYSTEM32\windows.storage.dll
0x00007ffec86a0000 - 0x00007ffec89f3000 	C:\Windows\System32\combase.dll
0x00007ffec5af0000 - 0x00007ffec5b1e000 	C:\Windows\SYSTEM32\Wldp.dll
0x00007ffec85c0000 - 0x00007ffec868d000 	C:\Windows\System32\OLEAUT32.dll
0x00007ffec84b0000 - 0x00007ffec855d000 	C:\Windows\System32\SHCORE.dll
0x00007ffec7630000 - 0x00007ffec7685000 	C:\Windows\System32\shlwapi.dll
0x00007ffec60c0000 - 0x00007ffec60e4000 	C:\Windows\SYSTEM32\profapi.dll
0x00007ffebe8b0000 - 0x00007ffebe8c0000 	C:\Program Files\Java\jdk-21\bin\net.dll
0x00007ffebfb80000 - 0x00007ffebfc8d000 	C:\Windows\SYSTEM32\WINHTTP.dll
0x00007ffec5850000 - 0x00007ffec58ba000 	C:\Windows\system32\mswsock.dll
0x00007ffeb22a0000 - 0x00007ffeb22b6000 	C:\Program Files\Java\jdk-21\bin\nio.dll
0x00007ffe9a4b0000 - 0x00007ffe9a4c8000 	C:\Program Files\Java\jdk-21\bin\zip.dll
0x00007ffeb1810000 - 0x00007ffeb181a000 	C:\Program Files\Java\jdk-21\bin\management.dll
0x00007ffe9bf40000 - 0x00007ffe9bf4b000 	C:\Program Files\Java\jdk-21\bin\management_ext.dll
0x00007ffec6dd0000 - 0x00007ffec6dd8000 	C:\Windows\System32\PSAPI.DLL
0x00007ffeaa840000 - 0x00007ffeaa857000 	C:\Windows\system32\napinsp.dll
0x00007ffea9900000 - 0x00007ffea991b000 	C:\Windows\system32\pnrpnsp.dll
0x00007ffea98e0000 - 0x00007ffea98f5000 	C:\Windows\system32\wshbth.dll
0x00007ffec0780000 - 0x00007ffec079d000 	C:\Windows\system32\NLAapi.dll
0x00007ffec5530000 - 0x00007ffec556b000 	C:\Windows\SYSTEM32\IPHLPAPI.DLL
0x00007ffec5570000 - 0x00007ffec563a000 	C:\Windows\SYSTEM32\DNSAPI.dll
0x00007ffec6de0000 - 0x00007ffec6de8000 	C:\Windows\System32\NSI.dll
0x00007ffea98c0000 - 0x00007ffea98d2000 	C:\Windows\System32\winrnr.dll
0x00007ffebe3b0000 - 0x00007ffebe3ba000 	C:\Windows\System32\rasadhlp.dll
0x00007ffebcac0000 - 0x00007ffebcb40000 	C:\Windows\System32\fwpuclnt.dll
0x00007ffec5a40000 - 0x00007ffec5a58000 	C:\Windows\SYSTEM32\CRYPTSP.dll
0x00007ffec5170000 - 0x00007ffec51a4000 	C:\Windows\system32\rsaenh.dll
0x00007ffec6040000 - 0x00007ffec606e000 	C:\Windows\SYSTEM32\USERENV.dll
0x00007ffec5a60000 - 0x00007ffec5a6c000 	C:\Windows\SYSTEM32\CRYPTBASE.dll
0x00007ffe9be30000 - 0x00007ffe9be39000 	C:\Program Files\Java\jdk-21\bin\extnet.dll
0x00007ffe98df0000 - 0x00007ffe98dfe000 	C:\Program Files\Java\jdk-21\bin\sunmscapi.dll
0x00007ffec68b0000 - 0x00007ffec6a0c000 	C:\Windows\System32\CRYPT32.dll
0x00007ffec5bc0000 - 0x00007ffec5be7000 	C:\Windows\SYSTEM32\ncrypt.dll
0x00007ffec5b20000 - 0x00007ffec5b5b000 	C:\Windows\SYSTEM32\NTASN1.dll
0x00007ffe970a0000 - 0x00007ffe970b0000 	C:\Program Files\Java\jdk-21\bin\verify.dll
0x00007ffebfdf0000 - 0x00007ffebfdf7000 	C:\Windows\system32\wshunix.dll

dbghelp: loaded successfully - version: 4.0.5 - missing functions: none
symbol engine: initialized successfully - sym options: 0x614 - pdb path: .;C:\Program Files\Java\jdk-21\bin;C:\Windows\SYSTEM32;C:\Windows\WinSxS\amd64_microsoft.windows.common-controls_6595b64144ccf1df_6.0.19041.4355_none_60b8b9eb71f62e16;C:\Program Files\Java\jdk-21\bin\server

VM Arguments:
jvm_args: -Dcom.sun.management.jmxremote -Dcom.sun.management.jmxremote.port=60792 -Dcom.sun.management.jmxremote.authenticate=false -Dcom.sun.management.jmxremote.ssl=false -Djava.rmi.server.hostname=localhost -Dspring.jmx.enabled=true -Dmanagement.endpoints.jmx.exposure.include=* -Dspring.application.admin.enabled=true -XX:TieredStopAtLevel=1 -Dspring.boot.project.name=job-portal -Dfile.encoding=UTF-8 -Dstdout.encoding=UTF-8 -Dstderr.encoding=UTF-8 -XX:+ShowCodeDetailsInExceptionMessages 
java_command: com.job_portal.JobPortalApplication --spring.output.ansi.enabled=always
java_class_path (initial): D:\JobRadar_\jobportal_Server\job-portal\target\classes;C:\Users\Admin\.m2\repository\org\springframework\boot\spring-boot-starter-web\3.3.3\spring-boot-starter-web-3.3.3.jar;C:\Users\Admin\.m2\repository\org\springframework\boot\spring-boot-starter\3.3.3\spring-boot-starter-3.3.3.jar;C:\Users\Admin\.m2\repository\org\springframework\boot\spring-boot-starter-logging\3.3.3\spring-boot-starter-logging-3.3.3.jar;C:\Users\Admin\.m2\repository\ch\qos\logback\logback-classic\1.5.7\logback-classic-1.5.7.jar;C:\Users\Admin\.m2\repository\ch\qos\logback\logback-core\1.5.7\logback-core-1.5.7.jar;C:\Users\Admin\.m2\repository\org\apache\logging\log4j\log4j-to-slf4j\2.23.1\log4j-to-slf4j-2.23.1.jar;C:\Users\Admin\.m2\repository\org\apache\logging\log4j\log4j-api\2.23.1\log4j-api-2.23.1.jar;C:\Users\Admin\.m2\repository\org\slf4j\jul-to-slf4j\2.0.16\jul-to-slf4j-2.0.16.jar;C:\Users\Admin\.m2\repository\jakarta\annotation\jakarta.annotation-api\2.1.1\jakarta.annotation-api-2.1.1.jar;C:\Users\Admin\.m2\repository\org\yaml\snakeyaml\2.2\snakeyaml-2.2.jar;C:\Users\Admin\.m2\repository\org\springframework\boot\spring-boot-starter-json\3.3.3\spring-boot-starter-json-3.3.3.jar;C:\Users\Admin\.m2\repository\com\fasterxml\jackson\datatype\jackson-datatype-jdk8\2.17.2\jackson-datatype-jdk8-2.17.2.jar;C:\Users\Admin\.m2\repository\com\fasterxml\jackson\datatype\jackson-datatype-jsr310\2.17.2\jackson-datatype-jsr310-2.17.2.jar;C:\Users\Admin\.m2\repository\com\fasterxml\jackson\module\jackson-module-parameter-names\2.17.2\jackson-module-parameter-names-2.17.2.jar;C:\Users\Admin\.m2\repository\org\springframework\boot\spring-boot-starter-tomcat\3.3.3\spring-boot-starter-tomcat-3.3.3.jar;C:\Users\Admin\.m2\repository\org\apache\tomcat\embed\tomcat-embed-core\10.1.28\tomcat-embed-core-10.1.28.jar;C:\Users\Admin\.m2\repository\org\apache\tomcat\embed\tomcat-embed-el\10.1.28\tomcat-embed-el-10.1.28.jar;C:\Users\Admin\.m2\repository\org\apache\tomcat\embed\tomcat-embed-websocket\10.1.28\tomcat-embed-websocket-10.1.28.jar;C:\Users\Admin\.m2\repository\org\springframework\spring-web\6.1.12\spring-web-6.1.12.jar;C:\Users\Admin\.m2\repository\org\springframework\spring-beans\6.1.12\spring-beans-6.1.12.jar;C:\Users\Admin\.m2\repository\io\micrometer\micrometer-observation\1.13.3\micrometer-observation-1.13.3.jar;C:\Users\Admin\.m2\repository\io\micrometer\micrometer-commons\1.13.3\micrometer-commons-1.13.3.jar;C:\Users\Admin\.m2\repository\org\springframework\spring-webmvc\6.1.12\spring-webmvc-6.1.12.jar;C:\Users\Admin\.m2\repository\org\springframework\spring-context\6.1.12\spring-context-6.1.12.jar;C:\Users\Admin\.m2\repository\org\springframework\spring-expression\6.1.12\spring-expression-6.1.12.jar;C:\Users\Admin\.m2\repository\org\springframework\boot\spring-boot-starter-mail\3.3.3\spring-boot-starter-mail-3.3.3.jar;C:\Users\Admin\.m2\repository\org\springframework\spring-context-support\6.1.12\spring-context-support-6.1.12.jar;C:\Users\Admin\.m2\repository\org\eclipse\angus\jakarta.mail\2.0.3\jakarta.mail-2.0.3.jar;C:\Users\Admin\.m2\repository\jakarta\activation\jakarta.activation-api\2.1.3\jakarta.activation-api-2.1.3.jar;C:\Users\Admin\.m2\repository\org\eclipse\angus\angus-activation\2.0.2\angus-activation-2.0.2.jar;C:\Users\Admin\.m2\repository\org\springframework\boot\spring-boot-devtools\3.3.3\spring-boot-devtools-3.3.3.jar;C:\Users\Admin\.m2\repository\org\springframework\boot\spring-boot\3.3.3\spring-boot-3.3.3.jar;C:\Users\Admin\.m2\repository\org\springframework\boot\spring-boot-autoconfigure\3.3.3\spring-boot-autoconfigure-3.3.3.jar;C:\Users\Admin\.m2\repository\org\slf4j\slf4j-api\2.0.16\slf4j-api-2.0.16.jar;C:\Users\Admin\.m2\repository\jakarta\xml\bind\jakarta.xml.bind-api\4.0.2\jakarta.xml.bind-api-4.0.2.jar;C:\Users\Admin\.m2\repository\net\bytebuddy\byte-buddy\1.14.19\byte-buddy-1.14.19.jar;C:\Users\Admin\.m2\repository\org\springframework\spring-core\6.1.12\spring-core-6.1.12.jar;C:\Users\Admin\.m2\repository\org\springframework\spring-jcl\6.1.12\spring-jcl-6.1.12.jar;C:\Users\Admin\.m2\repository\mysql\mysql-connector-java\8.0.30\mysql-connector-java-8.0.30.jar;C:\Users\Admin\.m2\repository\com\google\protobuf\protobuf-java\3.19.4\protobuf-java-3.19.4.jar;C:\Users\Admin\.m2\repository\org\springframework\boot\spring-boot-starter-data-jpa\3.3.3\spring-boot-starter-data-jpa-3.3.3.jar;C:\Users\Admin\.m2\repository\org\springframework\boot\spring-boot-starter-aop\3.3.3\spring-boot-starter-aop-3.3.3.jar;C:\Users\Admin\.m2\repository\org\aspectj\aspectjweaver\1.9.22.1\aspectjweaver-1.9.22.1.jar;C:\Users\Admin\.m2\repository\org\springframework\boot\spring-boot-starter-jdbc\3.3.3\spring-boot-starter-jdbc-3.3.3.jar;C:\Users\Admin\.m2\repository\com\zaxxer\HikariCP\5.1.0\HikariCP-5.1.0.jar;C:\Users\Admin\.m2\repository\org\springframework\spring-jdbc\6.1.12\spring-jdbc-6.1.12.jar;C:\Users\Admin\.m2\repository\org\hibernate\orm\hibernate-core\6.5.2.Final\hibernate-core-6.5.2.Final.jar;C:\Users\Admin\.m2\repository\jakarta\persistence\jakarta.persistence-api\3.1.0\jakarta.persistence-api-3.1.0.jar;C:\Users\Admin\.m2\repository\jakarta\transaction\jakarta.transaction-api\2.0.1\jakarta.transaction-api-2.0.1.jar;C:\Users\Admin\.m2\repository\org\jboss\logging\jboss-logging\3.5.3.Final\jboss-logging-3.5.3.Final.jar;C:\Users\Admin\.m2\repository\org\hibernate\common\hibernate-commons-annotations\6.0.6.Final\hibernate-commons-annotations-6.0.6.Final.jar;C:\Users\Admin\.m2\repository\io\smallrye\jandex\3.1.2\jandex-3.1.2.jar;C:\Users\Admin\.m2\repository\com\fasterxml\classmate\1.7.0\classmate-1.7.0.jar;C:\Users\Admin\.m2\repository\org\glassfish\jaxb\jaxb-runtime\4.0.5\jaxb-runtime-4.0.5.jar;C:\Users\Admin\.m2\repository\org\glassfish\jaxb\jaxb-core\4.0.5\jaxb-core-4.0.5.jar;C:\Users\Admin\.m2\repository\org\glassfish\jaxb\txw2\4.0.5\txw2-4.0.5.jar;C:\Users\Admin\.m2\repository\com\sun\istack\istack-commons-runtime\4.1.2\istack-commons-runtime-4.1.2.jar;C:\Users\Admin\.m2\repository\jakarta\inject\jakarta.inject-api\2.0.1\jakarta.inject-api-2.0.1.jar;C:\Users\Admin\.m2\repository\org\antlr\antlr4-runtime\4.13.0\antlr4-runtime-4.13.0.jar;C:\Users\Admin\.m2\repository\org\springframework\data\spring-data-jpa\3.3.3\spring-data-jpa-3.3.3.jar;C:\Users\Admin\.m2\repository\org\springframework\data\spring-data-commons\3.3.3\spring-data-commons-3.3.3.jar;C:\Users\Admin\.m2\repository\org\springframework\spring-orm\6.1.12\spring-orm-6.1.12.jar;C:\Users\Admin\.m2\repository\org\springframework\spring-tx\6.1.12\spring-tx-6.1.12.jar;C:\Users\Admin\.m2\repository\org\springframework\spring-aspects\6.1.12\spring-aspects-6.1.12.jar;C:\Users\Admin\.m2\repository\org\springframework\boot\spring-boot-starter-security\3.3.3\spring-boot-starter-security-3.3.3.jar;C:\Users\Admin\.m2\repository\org\springframework\spring-aop\6.1.12\spring-aop-6.1.12.jar;C:\Users\Admin\.m2\repository\org\springframework\security\spring-security-config\6.3.3\spring-security-config-6.3.3.jar;C:\Users\Admin\.m2\repository\org\springframework\security\spring-security-core\6.3.3\spring-security-core-6.3.3.jar;C:\Users\Admin\.m2\repository\org\springframework\security\spring-security-crypto\6.3.3\spring-security-crypto-6.3.3.jar;C:\Users\Admin\.m2\repository\org\springframework\security\spring-security-web\6.3.3\spring-security-web-6.3.3.jar;C:\Users\Admin\.m2\repository\io\jsonwebtoken\jjwt-jackson\0.12.5\jjwt-jackson-0.12.5.jar;C:\Users\Admin\.m2\repository\com\fasterxml\jackson\core\jackson-databind\2.17.2\jackson-databind-2.17.2.jar;C:\Users\Admin\.m2\repository\com\fasterxml\jackson\core\jackson-annotations\2.17.2\jackson-annotations-2.17.2.jar;C:\Users\Admin\.m2\repository\com\fasterxml\jackson\core\jackson-core\2.17.2\jackson-core-2.17.2.jar;C:\Users\Admin\.m2\repository\com\opencsv\opencsv\5.5.2\opencsv-5.5.2.jar;C:\Users\Admin\.m2\repository\org\apache\commons\commons-lang3\3.14.0\commons-lang3-3.14.0.jar;C:\Users\Admin\.m2\repository\org\apache\commons\commons-text\1.9\commons-text-1.9.jar;C:\Users\Admin\.m2\repository\commons-beanutils\commons-beanutils\1.9.4\commons-beanutils-1.9.4.jar;C:\Users\Admin\.m2\repository\commons-logging\commons-logging\1.2\commons-logging-1.2.jar;C:\Users\Admin\.m2\repository\commons-collections\commons-collections\3.2.2\commons-collections-3.2.2.jar;C:\Users\Admin\.m2\repository\org\apache\commons\commons-collections4\4.4\commons-collections4-4.4.jar;C:\Users\Admin\.m2\repository\io\jsonwebtoken\jjwt-impl\0.12.5\jjwt-impl-0.12.5.jar;C:\Users\Admin\.m2\repository\io\jsonwebtoken\jjwt-api\0.12.5\jjwt-api-0.12.5.jar;C:\Users\Admin\.m2\repository\org\projectlombok\lombok\1.18.34\lombok-1.18.34.jar;C:\Users\Admin\.m2\repository\org\springframework\boot\spring-boot-starter-websocket\3.3.3\spring-boot-starter-websocket-3.3.3.jar;C:\Users\Admin\.m2\repository\org\springframework\spring-messaging\6.1.12\spring-messaging-6.1.12.jar;C:\Users\Admin\.m2\repository\org\springframework\spring-websocket\6.1.12\spring-websocket-6.1.12.jar
Launcher Type: SUN_STANDARD

[Global flags]
     intx CICompilerCount                          = 4                                         {product} {ergonomic}
     uint ConcGCThreads                            = 2                                         {product} {ergonomic}
     uint G1ConcRefinementThreads                  = 8                                         {product} {ergonomic}
   size_t G1HeapRegionSize                         = 2097152                                   {product} {ergonomic}
    uintx GCDrainStackTargetSize                   = 64                                        {product} {ergonomic}
   size_t InitialHeapSize                          = 266338304                                 {product} {ergonomic}
     bool ManagementServer                         = true                                      {product} {command line}
   size_t MarkStackSize                            = 4194304                                   {product} {ergonomic}
   size_t MaxHeapSize                              = 4248829952                                {product} {ergonomic}
   size_t MaxNewSize                               = 2548039680                                {product} {ergonomic}
   size_t MinHeapDeltaBytes                        = 2097152                                   {product} {ergonomic}
   size_t MinHeapSize                              = 8388608                                   {product} {ergonomic}
    uintx NonNMethodCodeHeapSize                   = 4096                                   {pd product} {ergonomic}
    uintx NonProfiledCodeHeapSize                  = 0                                      {pd product} {ergonomic}
     bool ProfileInterpreter                       = false                                  {pd product} {command line}
    uintx ProfiledCodeHeapSize                     = 0                                      {pd product} {ergonomic}
     bool ShowCodeDetailsInExceptionMessages       = true                                   {manageable} {command line}
   size_t SoftMaxHeapSize                          = 4248829952                             {manageable} {ergonomic}
     intx TieredStopAtLevel                        = 1                                         {product} {command line}
     bool UseCompressedOops                        = true                           {product lp64_product} {ergonomic}
     bool UseG1GC                                  = true                                      {product} {ergonomic}
     bool UseLargePagesIndividualAllocation        = false                                  {pd product} {ergonomic}

Logging:
Log output configuration:
 #0: stdout all=warning uptime,level,tags foldmultilines=false
 #1: stderr all=off uptime,level,tags foldmultilines=false

Environment Variables:
JAVA_HOME=C:\Program Files\Java\jdk-21
PATH=D:/Springboot//plugins/org.eclipse.justj.openjdk.hotspot.jre.full.win32.x86_64_17.0.8.v20230831-1047/jre/bin/server;D:/Springboot//plugins/org.eclipse.justj.openjdk.hotspot.jre.full.win32.x86_64_17.0.8.v20230831-1047/jre/bin;C:\Program Files\Common Files\Oracle\Java\javapath;"C:\Program Files\Common Files\Oracle\Java\javapath;C:\Program Files\Java\jdk-21\bin;C:\Program Files\Java\apache-maven-3.8.6\bin;";D:\DOWNLOAD\bin\;C:\Program Files\Python37\Scripts\;C:\Program Files\Python37\;C:\Windows\system32;C:\Windows;C:\Windows\System32\Wbem;C:\Windows\System32\WindowsPowerShell\v1.0\;C:\Windows\System32\OpenSSH\;C:\Program Files\dotnet\;C:\Program Files\Microsoft SQL Server\Client SDK\ODBC\170\Tools\Binn\;C:\Program Files\Azure Data Studio\bin;C:\Program Files\Java\jdk-21\bin;C:\Program Files\Java\apache-maven-3.8.6\bin;C:\Program Files (x86)\Microsoft SQL Server\160\DTS\Binn\;C:\Program Files (x86)\Microsoft SQL Server\160\Tools\Binn\;C:\Program Files\Microsoft SQL Server\160\Tools\Binn\;C:\Program Files\Microsoft SQL Server\160\DTS\Binn\;D:\GitHub\Git\cmd;C:\Program Files\Microsoft SQL Server\130\Tools\Binn\;C:\Program Files (x86)\Bitvise SSH Client;C:\Program Files\nodejs\;C:\Program Files\Sonar\sonar-scanner-5.0.1.3006-windows\bin;C:\Program Files\Microsoft SQL Server\150\Tools\Binn\;C:\Python310\Scripts\;C:\Python310\;C:\Users\Admin\AppData\Local\Microsoft\WindowsApps;C:\Users\Admin\AppData\Local\Programs\Microsoft VS Code\bin;C:\Users\Admin\.dotnet\tools;C:\Program Files\Azure Data Studio\bin;C:\Users\Admin\AppData\Local\GitHubDesktop\bin;C:\Users\Admin\AppData\Roaming\npm;D:\Springboot;
USERNAME=Admin
OS=Windows_NT
PROCESSOR_IDENTIFIER=Intel64 Family 6 Model 142 Stepping 12, GenuineIntel
TMP=C:\Users\Admin\AppData\Local\Temp
TEMP=C:\Users\Admin\AppData\Local\Temp




Periodic native trim disabled

---------------  S Y S T E M  ---------------

OS:
 Windows 10 , 64 bit Build 19041 (10.0.19041.4957)
OS uptime: 3 days 12:44 hours

CPU: total 8 (initial active 8) (4 cores per cpu, 2 threads per core) family 6 model 142 stepping 12 microcode 0xca, cx8, cmov, fxsr, ht, mmx, 3dnowpref, sse, sse2, sse3, ssse3, sse4.1, sse4.2, popcnt, lzcnt, tsc, tscinvbit, avx, avx2, aes, erms, clmul, bmi1, bmi2, adx, fma, vzeroupper, clflush, clflushopt, rdtscp, f16c
Processor Information for all 8 processors :
  Max Mhz: 2112, Current Mhz: 1609, Mhz Limit: 1605

Memory: 4k page, system-wide physical 16204M (3521M free)
TotalPageFile size 20300M (AvailPageFile size 18M)
current process WorkingSet (physical memory assigned to process): 321M, peak: 339M
current process commit charge ("private bytes"): 386M, peak: 416M

vm_info: Java HotSpot(TM) 64-Bit Server VM (21.0.2+13-LTS-58) for windows-amd64 JRE (21.0.2+13-LTS-58), built on 2024-01-05T18:32:24Z by "mach5one" with MS VC++ 17.1 (VS2022)

END.
